<?xml version="1.0" encoding="UTF-8"?>
<!-- Generated by org.testng.reporters.JUnitReportReporter -->
<testsuite hostname="FA061504" failures="0" tests="1" name="com.gmailLogin.loginTC" time="21.995" errors="0" timestamp="2023-10-27T17:54:12 IST" skipped="0">
  <testcase classname="com.gmailLogin.loginTC" name="loginUser" time="21.995"/>
  <system-out/>
</testsuite> <!-- com.gmailLogin.loginTC -->
